<?xml version="1.0" encoding="UTF-8"?>
<!-- Generated by org.testng.reporters.JUnitReportReporter -->
<testsuite hostname="KARTHIK" failures="0" tests="1" name="com.adactin.runner.Runner" time="21.984" errors="0" timestamp="2020-12-13T17:44:15 IST" skipped="0">
  <testcase classname="com.adactin.runner.Runner" name="feature" time="21.984"/>
  <system-out/>
</testsuite> <!-- com.adactin.runner.Runner -->
